<?xml version="1.0" encoding="UTF-8"?>
<testsuites name="jest tests" tests="57" failures="0" errors="0" time="33.89">
  <testsuite name="API Tests" errors="0" failures="0" skipped="0" timestamp="2025-09-03T18:19:21" time="4.909" tests="12">
    <testcase classname="API Tests" name="should fetch pattern presets" time="0.021">
    </testcase>
    <testcase classname="API Tests" name="should create binaural beat session" time="0.005">
    </testcase>
    <testcase classname="API Tests" name="should update frequency during session" time="0.001">
    </testcase>
    <testcase classname="API Tests" name="should get electromagnetic field data" time="0.001">
    </testcase>
    <testcase classname="API Tests" name="should handle API errors gracefully" time="0.001">
    </testcase>
    <testcase classname="API Tests" name="should handle 404 responses" time="0.001">
    </testcase>
    <testcase classname="API Tests" name="should handle server errors (500)" time="0.001">
    </testcase>
    <testcase classname="API Tests" name="should validate request data" time="0.001">
    </testcase>
    <testcase classname="API Tests" name="should get system status" time="0.001">
    </testcase>
    <testcase classname="API Tests" name="should handle concurrent requests" time="0.002">
    </testcase>
    <testcase classname="API Tests" name="should support request timeouts" time="0.001">
    </testcase>
    <testcase classname="API Tests" name="should handle authentication if required" time="0.016">
    </testcase>
  </testsuite>
  <testsuite name="PipelineTest" errors="0" failures="0" skipped="0" timestamp="2025-09-03T18:19:21" time="5.202" tests="5">
    <testcase classname="PipelineTest" name="renders pipeline test component" time="0.202">
    </testcase>
    <testcase classname="PipelineTest" name="displays pipeline ID" time="0.017">
    </testcase>
    <testcase classname="PipelineTest" name="shows trigger time" time="0.01">
    </testcase>
    <testcase classname="PipelineTest" name="displays success status" time="0.012">
    </testcase>
    <testcase classname="PipelineTest" name="renders with default props" time="0.026">
    </testcase>
  </testsuite>
  <testsuite name="WebSocket Tests" errors="0" failures="0" skipped="0" timestamp="2025-09-03T18:19:21" time="5.294" tests="12">
    <testcase classname="WebSocket Tests" name="should establish WebSocket connection" time="0.05">
    </testcase>
    <testcase classname="WebSocket Tests" name="should send frequency update message" time="0.148">
    </testcase>
    <testcase classname="WebSocket Tests" name="should send pattern selection message" time="0.006">
    </testcase>
    <testcase classname="WebSocket Tests" name="should handle audio stream data" time="0.036">
    </testcase>
    <testcase classname="WebSocket Tests" name="should handle electromagnetic field data" time="0.013">
    </testcase>
    <testcase classname="WebSocket Tests" name="should handle connection errors" time="0.001">
    </testcase>
    <testcase classname="WebSocket Tests" name="should handle connection close" time="0.003">
    </testcase>
    <testcase classname="WebSocket Tests" name="should reconnect after connection loss" time="0.001">
    </testcase>
    <testcase classname="WebSocket Tests" name="should handle real-time frequency updates" time="0.057">
    </testcase>
    <testcase classname="WebSocket Tests" name="should batch multiple updates efficiently" time="0.039">
    </testcase>
    <testcase classname="WebSocket Tests" name="should handle large data payloads" time="0.057">
    </testcase>
    <testcase classname="WebSocket Tests" name="should maintain connection heartbeat" time="0.031">
    </testcase>
  </testsuite>
  <testsuite name="Frequencies Tests" errors="0" failures="0" skipped="0" timestamp="2025-09-03T18:19:21" time="9.42" tests="11">
    <testcase classname="Frequencies Tests" name="should have valid frequency ranges" time="0.019">
    </testcase>
    <testcase classname="Frequencies Tests" name="should calculate binaural beat correctly" time="0.004">
    </testcase>
    <testcase classname="Frequencies Tests" name="should support theta frequency range (4-8Hz)" time="0.003">
    </testcase>
    <testcase classname="Frequencies Tests" name="should support alpha frequency range (8-13Hz)" time="0.001">
    </testcase>
    <testcase classname="Frequencies Tests" name="should support beta frequency range (13-30Hz)" time="0.001">
    </testcase>
    <testcase classname="Frequencies Tests" name="should support gamma frequency range (30Hz+)" time="0.001">
    </testcase>
    <testcase classname="Frequencies Tests" name="should calculate wavelength correctly" time="0">
    </testcase>
    <testcase classname="Frequencies Tests" name="should validate carrier frequencies are audible" time="0.002">
    </testcase>
    <testcase classname="Frequencies Tests" name="should ensure beat frequencies are in effective range" time="0.002">
    </testcase>
    <testcase classname="Frequencies Tests" name="should calculate frequency sweep correctly" time="0.008">
    </testcase>
    <testcase classname="Frequencies Tests" name="should handle ADHD gamma protocol frequencies" time="0.006">
    </testcase>
  </testsuite>
  <testsuite name="use8DPatterns - 8D Pattern Tests" errors="0" failures="0" skipped="0" timestamp="2025-09-03T18:19:21" time="10.108" tests="10">
    <testcase classname="use8DPatterns - 8D Pattern Tests" name="should initialize with default patterns" time="0.064">
    </testcase>
    <testcase classname="use8DPatterns - 8D Pattern Tests" name="should create toroidal pattern correctly" time="0.022">
    </testcase>
    <testcase classname="use8DPatterns - 8D Pattern Tests" name="should create vortex pattern correctly" time="0.017">
    </testcase>
    <testcase classname="use8DPatterns - 8D Pattern Tests" name="should start animation correctly" time="0.015">
    </testcase>
    <testcase classname="use8DPatterns - 8D Pattern Tests" name="should stop animation correctly" time="0.016">
    </testcase>
    <testcase classname="use8DPatterns - 8D Pattern Tests" name="should get pattern by ID" time="0.018">
    </testcase>
    <testcase classname="use8DPatterns - 8D Pattern Tests" name="should calculate field strength correctly" time="0.02">
    </testcase>
    <testcase classname="use8DPatterns - 8D Pattern Tests" name="should create custom pattern" time="0.016">
    </testcase>
    <testcase classname="use8DPatterns - 8D Pattern Tests" name="should morph between patterns" time="0.015">
    </testcase>
    <testcase classname="use8DPatterns - 8D Pattern Tests" name="should handle animation progress updates" time="0.13">
    </testcase>
  </testsuite>
  <testsuite name="FrequencyDisplayMUI" errors="0" failures="0" skipped="1" timestamp="2025-09-03T18:19:21" time="22.07" tests="7">
    <testcase classname="FrequencyDisplayMUI" name="renders without crashing" time="0.236">
    </testcase>
    <testcase classname="FrequencyDisplayMUI" name="displays frequency value correctly" time="0.039">
    </testcase>
    <testcase classname="FrequencyDisplayMUI" name="displays beat frequency correctly" time="0.036">
    </testcase>
    <testcase classname="FrequencyDisplayMUI" name="displays target frequency correctly" time="0.026">
    </testcase>
    <testcase classname="FrequencyDisplayMUI" name="displays range label" time="0.027">
    </testcase>
    <testcase classname="FrequencyDisplayMUI" name="calls onChange when frequency is adjusted via slider" time="0">
      <skipped/>
    </testcase>
    <testcase classname="FrequencyDisplayMUI" name="displays correct range labels for different ranges" time="0.079">
    </testcase>
  </testsuite>
</testsuites>