TN:
SF:src\App.tsx
FN:39,(anonymous_1)
FN:94,(anonymous_2)
FN:129,App
FNF:3
FNH:0
FNDA:0,(anonymous_1)
FNDA:0,(anonymous_2)
FNDA:0,App
DA:4,0
DA:5,0
DA:6,0
DA:7,0
DA:8,0
DA:9,0
DA:10,0
DA:11,0
DA:12,0
DA:13,0
DA:14,0
DA:15,0
DA:18,0
DA:39,0
DA:40,0
DA:41,0
DA:44,0
DA:45,0
DA:60,0
DA:61,0
DA:73,0
DA:94,0
DA:130,0
DA:143,0
LF:24
LH:0
BRDA:44,0,0,0
BRDA:44,0,1,0
BRDA:44,1,0,0
BRDA:44,1,1,0
BRDA:49,2,0,0
BRDA:49,2,1,0
BRDA:60,3,0,0
BRDA:60,3,1,0
BRDA:60,4,0,0
BRDA:60,4,1,0
BRDA:60,4,2,0
BRDA:76,5,0,0
BRDA:76,5,1,0
BRDA:76,5,2,0
BRDA:112,6,0,0
BRDA:112,6,1,0
BRDA:118,7,0,0
BRDA:118,7,1,0
BRF:18
BRH:0
end_of_record
TN:
SF:src\components\BinauralTest.tsx
FN:155,(anonymous_1)
FN:165,(anonymous_2)
FN:174,(anonymous_3)
FN:183,(anonymous_4)
FN:240,(anonymous_5)
FN:243,(anonymous_6)
FNF:6
FNH:0
FNDA:0,(anonymous_1)
FNDA:0,(anonymous_2)
FNDA:0,(anonymous_3)
FNDA:0,(anonymous_4)
FNDA:0,(anonymous_5)
FNDA:0,(anonymous_6)
DA:4,0
DA:5,0
DA:8,0
DA:37,0
DA:44,0
DA:51,0
DA:56,0
DA:65,0
DA:83,0
DA:92,0
DA:99,0
DA:106,0
DA:112,0
DA:132,0
DA:139,0
DA:155,0
DA:160,0
DA:161,0
DA:163,0
DA:165,0
DA:166,0
DA:167,0
DA:168,0
DA:169,0
DA:170,0
DA:174,0
DA:175,0
DA:176,0
DA:177,0
DA:178,0
DA:179,0
DA:183,0
DA:184,0
DA:185,0
DA:186,0
DA:189,0
DA:198,0
DA:241,0
DA:243,0
DA:253,0
LF:40
LH:0
BRDA:169,0,0,0
BRDA:169,0,1,0
BRDA:169,1,0,0
BRDA:169,1,1,0
BRDA:178,2,0,0
BRDA:178,2,1,0
BRDA:178,3,0,0
BRDA:178,3,1,0
BRF:8
BRH:0
end_of_record
TN:
SF:src\components\BinauralTestMUI.tsx
FN:23,(anonymous_1)
FN:32,(anonymous_2)
FN:40,(anonymous_3)
FN:48,(anonymous_4)
FN:54,(anonymous_5)
FN:105,(anonymous_6)
FN:147,(anonymous_7)
FNF:7
FNH:0
FNDA:0,(anonymous_1)
FNDA:0,(anonymous_2)
FNDA:0,(anonymous_3)
FNDA:0,(anonymous_4)
FNDA:0,(anonymous_5)
FNDA:0,(anonymous_6)
FNDA:0,(anonymous_7)
DA:4,0
DA:5,0
DA:17,0
DA:18,0
DA:19,0
DA:20,0
DA:23,0
DA:28,0
DA:29,0
DA:30,0
DA:32,0
DA:33,0
DA:34,0
DA:35,0
DA:36,0
DA:40,0
DA:41,0
DA:42,0
DA:43,0
DA:44,0
DA:48,0
DA:49,0
DA:52,0
DA:54,0
DA:55,0
DA:56,0
DA:57,0
DA:58,0
DA:59,0
DA:62,0
DA:105,0
DA:147,0
DA:248,0
LF:33
LH:0
BRDA:35,0,0,0
BRDA:35,0,1,0
BRDA:35,1,0,0
BRDA:35,1,1,0
BRDA:35,1,2,0
BRDA:43,2,0,0
BRDA:43,2,1,0
BRDA:43,3,0,0
BRDA:43,3,1,0
BRDA:43,3,2,0
BRDA:199,4,0,0
BRDA:199,4,1,0
BRDA:201,5,0,0
BRDA:201,5,1,0
BRDA:205,6,0,0
BRDA:205,6,1,0
BRDA:209,7,0,0
BRDA:209,7,1,0
BRDA:215,8,0,0
BRDA:215,8,1,0
BRDA:236,9,0,0
BRDA:236,9,1,0
BRDA:237,10,0,0
BRDA:237,10,1,0
BRF:24
BRH:0
end_of_record
TN:
SF:src\components\ControlTabs.tsx
FN:43,(anonymous_1)
FN:55,(anonymous_2)
FN:62,(anonymous_3)
FN:76,(anonymous_4)
FN:83,(anonymous_5)
FN:88,(anonymous_6)
FNF:6
FNH:0
FNDA:0,(anonymous_1)
FNDA:0,(anonymous_2)
FNDA:0,(anonymous_3)
FNDA:0,(anonymous_4)
FNDA:0,(anonymous_5)
FNDA:0,(anonymous_6)
DA:5,0
DA:8,0
DA:38,0
DA:43,0
DA:55,0
DA:62,0
DA:72,0
DA:76,0
DA:81,0
DA:84,0
DA:88,0
DA:98,0
LF:12
LH:0
BRDA:43,0,0,0
BRDA:43,0,1,0
BRDA:55,1,0,0
BRDA:55,1,1,0
BRDA:62,2,0,0
BRDA:62,2,1,0
BRDA:88,3,0,0
BRDA:88,3,1,0
BRF:8
BRH:0
end_of_record
TN:
SF:src\components\ElectromagneticBeatLab.tsx
FN:289,(anonymous_1)
FN:377,(anonymous_2)
FN:379,(anonymous_3)
FN:381,(anonymous_4)
FN:389,(anonymous_5)
FN:394,(anonymous_6)
FN:395,(anonymous_7)
FN:405,(anonymous_8)
FN:406,(anonymous_9)
FN:408,(anonymous_10)
FN:421,(anonymous_11)
FN:422,(anonymous_12)
FN:431,(anonymous_13)
FN:432,(anonymous_14)
FN:442,(anonymous_15)
FN:443,(anonymous_16)
FN:448,(anonymous_17)
FN:459,(anonymous_18)
FN:465,(anonymous_19)
FN:466,(anonymous_20)
FN:482,(anonymous_21)
FN:483,(anonymous_22)
FN:486,(anonymous_23)
FN:487,(anonymous_24)
FN:581,(anonymous_25)
FN:622,(anonymous_26)
FNF:26
FNH:0
FNDA:0,(anonymous_1)
FNDA:0,(anonymous_2)
FNDA:0,(anonymous_3)
FNDA:0,(anonymous_4)
FNDA:0,(anonymous_5)
FNDA:0,(anonymous_6)
FNDA:0,(anonymous_7)
FNDA:0,(anonymous_8)
FNDA:0,(anonymous_9)
FNDA:0,(anonymous_10)
FNDA:0,(anonymous_11)
FNDA:0,(anonymous_12)
FNDA:0,(anonymous_13)
FNDA:0,(anonymous_14)
FNDA:0,(anonymous_15)
FNDA:0,(anonymous_16)
FNDA:0,(anonymous_17)
FNDA:0,(anonymous_18)
FNDA:0,(anonymous_19)
FNDA:0,(anonymous_20)
FNDA:0,(anonymous_21)
FNDA:0,(anonymous_22)
FNDA:0,(anonymous_23)
FNDA:0,(anonymous_24)
FNDA:0,(anonymous_25)
FNDA:0,(anonymous_26)
DA:4,0
DA:5,0
DA:8,0
DA:9,0
DA:10,0
DA:12,0
DA:13,0
DA:14,0
DA:15,0
DA:16,0
DA:17,0
DA:18,0
DA:19,0
DA:20,0
DA:21,0
DA:22,0
DA:25,0
DA:26,0
DA:27,0
DA:28,0
DA:29,0
DA:30,0
DA:31,0
DA:32,0
DA:34,0
DA:48,0
DA:76,0
DA:95,0
DA:102,0
DA:129,0
DA:167,0
DA:187,0
DA:223,0
DA:235,0
DA:252,0
DA:289,0
DA:294,0
DA:373,0
DA:374,0
DA:377,0
DA:378,0
DA:379,0
DA:380,0
DA:381,0
DA:382,0
DA:383,0
DA:388,0
DA:389,0
DA:394,0
DA:395,0
DA:405,0
DA:406,0
DA:407,0
DA:408,0
DA:409,0
DA:412,0
DA:413,0
DA:414,0
DA:415,0
DA:421,0
DA:422,0
DA:424,0
DA:425,0
DA:426,0
DA:431,0
DA:432,0
DA:434,0
DA:435,0
DA:436,0
DA:437,0
DA:442,0
DA:443,0
DA:444,0
DA:448,0
DA:449,0
DA:450,0
DA:452,0
DA:453,0
DA:454,0
DA:459,0
DA:460,0
DA:461,0
DA:465,0
DA:466,0
DA:470,0
DA:482,0
DA:483,0
DA:484,0
DA:486,0
DA:487,0
DA:493,0
DA:500,0
DA:502,0
DA:511,0
DA:518,0
DA:520,0
DA:522,0
DA:524,0
DA:526,0
DA:528,0
DA:530,0
DA:534,0
DA:581,0
DA:624,0
DA:639,0
LF:105
LH:0
BRDA:291,0,0,0
BRDA:378,1,0,0
BRDA:378,1,1,0
BRDA:380,2,0,0
BRDA:380,2,1,0
BRDA:382,3,0,0
BRDA:382,3,1,0
BRDA:407,4,0,0
BRDA:407,4,1,0
BRDA:413,5,0,0
BRDA:413,5,1,0
BRDA:424,6,0,0
BRDA:424,6,1,0
BRDA:434,7,0,0
BRDA:434,7,1,0
BRDA:449,8,0,0
BRDA:449,8,1,0
BRDA:449,9,0,0
BRDA:449,9,1,0
BRDA:453,10,0,0
BRDA:453,10,1,0
BRDA:484,11,0,0
BRDA:484,11,1,0
BRDA:500,12,0,0
BRDA:500,12,1,0
BRDA:500,12,2,0
BRDA:500,12,3,0
BRDA:500,12,4,0
BRDA:500,12,5,0
BRDA:500,12,6,0
BRDA:500,12,7,0
BRDA:500,12,8,0
BRDA:556,13,0,0
BRDA:556,13,1,0
BRDA:556,14,0,0
BRDA:556,14,1,0
BRDA:556,15,0,0
BRDA:556,15,1,0
BRDA:565,16,0,0
BRDA:565,16,1,0
BRDA:565,17,0,0
BRDA:565,17,1,0
BRDA:565,18,0,0
BRDA:565,18,1,0
BRDA:566,19,0,0
BRDA:566,19,1,0
BRDA:566,20,0,0
BRDA:566,20,1,0
BRDA:566,21,0,0
BRDA:566,21,1,0
BRDA:579,22,0,0
BRDA:579,22,1,0
BRDA:580,23,0,0
BRDA:580,23,1,0
BRDA:588,24,0,0
BRDA:588,24,1,0
BRF:56
BRH:0
end_of_record
TN:
SF:src\components\ElectromagneticStatus.tsx
FN:22,(anonymous_1)
FN:32,(anonymous_2)
FN:42,(anonymous_3)
FN:75,(anonymous_4)
FN:80,(anonymous_5)
FN:83,(anonymous_6)
FNF:6
FNH:0
FNDA:0,(anonymous_1)
FNDA:0,(anonymous_2)
FNDA:0,(anonymous_3)
FNDA:0,(anonymous_4)
FNDA:0,(anonymous_5)
FNDA:0,(anonymous_6)
DA:5,0
DA:8,0
DA:18,0
DA:23,0
DA:24,0
DA:25,0
DA:26,0
DA:27,0
DA:28,0
DA:29,0
DA:33,0
DA:34,0
DA:35,0
DA:36,0
DA:37,0
DA:38,0
DA:39,0
DA:42,0
DA:50,0
DA:58,0
DA:65,0
DA:73,0
DA:75,0
DA:80,0
DA:83,0
DA:84,0
DA:85,0
DA:86,0
DA:87,0
DA:88,0
DA:89,0
DA:90,0
DA:94,0
DA:108,0
LF:34
LH:0
BRDA:23,0,0,0
BRDA:23,0,1,0
BRDA:23,0,2,0
BRDA:23,0,3,0
BRDA:23,0,4,0
BRDA:23,0,5,0
BRDA:33,1,0,0
BRDA:33,1,1,0
BRDA:33,1,2,0
BRDA:33,1,3,0
BRDA:33,1,4,0
BRDA:33,1,5,0
BRDA:42,2,0,0
BRDA:42,2,1,0
BRDA:84,3,0,0
BRDA:84,3,1,0
BRDA:84,3,2,0
BRDA:84,3,3,0
BRDA:84,3,4,0
BRDA:84,3,5,0
BRF:20
BRH:0
end_of_record
TN:
SF:src\components\FrequencyDisplay.tsx
FN:120,(anonymous_1)
FN:127,(anonymous_2)
FN:132,(anonymous_3)
FN:137,(anonymous_4)
FN:184,(anonymous_5)
FN:187,(anonymous_6)
FN:190,(anonymous_7)
FN:193,(anonymous_8)
FNF:8
FNH:0
FNDA:0,(anonymous_1)
FNDA:0,(anonymous_2)
FNDA:0,(anonymous_3)
FNDA:0,(anonymous_4)
FNDA:0,(anonymous_5)
FNDA:0,(anonymous_6)
FNDA:0,(anonymous_7)
FNDA:0,(anonymous_8)
DA:5,0
DA:8,0
DA:37,0
DA:44,0
DA:54,0
DA:62,0
DA:72,0
DA:76,0
DA:96,0
DA:103,0
DA:120,0
DA:127,0
DA:128,0
DA:129,0
DA:132,0
DA:133,0
DA:134,0
DA:137,0
DA:138,0
DA:140,0
DA:142,0
DA:144,0
DA:146,0
DA:148,0
DA:150,0
DA:154,0
DA:156,0
DA:184,0
DA:187,0
DA:190,0
DA:193,0
DA:213,0
LF:32
LH:0
BRDA:138,0,0,0
BRDA:138,0,1,0
BRDA:138,0,2,0
BRDA:138,0,3,0
BRDA:138,0,4,0
BRDA:138,0,5,0
BRDA:198,1,0,0
BRDA:198,1,1,0
BRDA:203,2,0,0
BRDA:203,2,1,0
BRDA:206,3,0,0
BRDA:206,3,1,0
BRF:12
BRH:0
end_of_record
TN:
SF:src\components\FrequencyDisplayMUI.tsx
FN:17,(anonymous_0)
FN:24,(anonymous_1)
FN:28,(anonymous_2)
FN:36,(anonymous_3)
FNF:4
FNH:3
FNDA:10,(anonymous_0)
FNDA:0,(anonymous_1)
FNDA:20,(anonymous_2)
FNDA:10,(anonymous_3)
DA:5,1
DA:17,1
DA:24,10
DA:25,0
DA:28,10
DA:29,20
DA:30,20
DA:31,0
DA:32,0
DA:33,0
DA:36,10
DA:37,10
DA:38,1
DA:39,1
DA:40,6
DA:41,1
DA:42,1
DA:43,0
DA:47,10
DA:168,1
LF:20
LH:15
BRDA:29,0,0,0
BRDA:29,0,1,20
BRDA:30,1,0,20
BRDA:30,1,1,0
BRDA:31,2,0,0
BRDA:31,2,1,0
BRDA:32,3,0,0
BRDA:32,3,1,0
BRDA:37,4,0,1
BRDA:37,4,1,1
BRDA:37,4,2,6
BRDA:37,4,3,1
BRDA:37,4,4,1
BRDA:37,4,5,0
BRF:14
BRH:7
end_of_record
TN:
SF:src\components\MainControls.tsx
FN:63,(anonymous_1)
FN:169,(anonymous_2)
FN:176,(anonymous_3)
FNF:3
FNH:0
FNDA:0,(anonymous_1)
FNDA:0,(anonymous_2)
FNDA:0,(anonymous_3)
DA:5,0
DA:8,0
DA:37,0
DA:44,0
DA:51,0
DA:63,0
DA:95,0
DA:99,0
DA:107,0
DA:150,0
DA:159,0
DA:169,0
DA:176,0
DA:177,0
DA:178,0
DA:181,0
DA:219,0
LF:17
LH:0
BRDA:63,0,0,0
BRDA:63,0,1,0
BRDA:188,1,0,0
BRDA:188,1,1,0
BRDA:190,2,0,0
BRDA:190,2,1,0
BRDA:210,3,0,0
BRDA:210,3,1,0
BRF:8
BRH:0
end_of_record
TN:
SF:src\components\MainControlsMUI.tsx
FN:20,(anonymous_1)
FN:27,(anonymous_2)
FN:91,(anonymous_3)
FNF:3
FNH:0
FNDA:0,(anonymous_1)
FNDA:0,(anonymous_2)
FNDA:0,(anonymous_3)
DA:5,0
DA:15,0
DA:16,0
DA:17,0
DA:20,0
DA:27,0
DA:28,0
DA:31,0
DA:91,0
DA:138,0
LF:10
LH:0
BRDA:57,0,0,0
BRDA:57,0,1,0
BRDA:58,1,0,0
BRDA:58,1,1,0
BRDA:59,2,0,0
BRDA:59,2,1,0
BRDA:64,3,0,0
BRDA:64,3,1,0
BRDA:68,4,0,0
BRDA:68,4,1,0
BRDA:74,5,0,0
BRDA:74,5,1,0
BRDA:116,6,0,0
BRDA:116,6,1,0
BRDA:120,7,0,0
BRDA:120,7,1,0
BRDA:124,8,0,0
BRDA:124,8,1,0
BRDA:127,9,0,0
BRDA:127,9,1,0
BRF:20
BRH:0
end_of_record
TN:
SF:src\components\PatternSelector.tsx
FN:31,(anonymous_1)
FN:35,(anonymous_2)
FN:42,(anonymous_3)
FN:82,(anonymous_4)
FN:86,(anonymous_5)
FN:124,(anonymous_6)
FN:143,(anonymous_7)
FN:147,(anonymous_8)
FN:156,(anonymous_9)
FN:160,(anonymous_10)
FNF:10
FNH:0
FNDA:0,(anonymous_1)
FNDA:0,(anonymous_2)
FNDA:0,(anonymous_3)
FNDA:0,(anonymous_4)
FNDA:0,(anonymous_5)
FNDA:0,(anonymous_6)
FNDA:0,(anonymous_7)
FNDA:0,(anonymous_8)
FNDA:0,(anonymous_9)
FNDA:0,(anonymous_10)
DA:5,0
DA:8,0
DA:12,0
DA:19,0
DA:26,0
DA:31,0
DA:35,0
DA:42,0
DA:50,0
DA:79,0
DA:82,0
DA:86,0
DA:97,0
DA:104,0
DA:111,0
DA:117,0
DA:124,0
DA:131,0
DA:138,0
DA:144,0
DA:147,0
DA:157,0
DA:160,0
DA:193,0
LF:24
LH:0
BRDA:31,0,0,0
BRDA:31,0,1,0
BRDA:35,1,0,0
BRDA:35,1,1,0
BRDA:42,2,0,0
BRDA:42,2,1,0
BRDA:82,3,0,0
BRDA:82,3,1,0
BRDA:86,4,0,0
BRDA:86,4,1,0
BRDA:154,5,0,0
BRDA:154,5,1,0
BRDA:165,6,0,0
BRDA:165,6,1,0
BRDA:172,7,0,0
BRDA:172,7,1,0
BRDA:179,8,0,0
BRDA:179,8,1,0
BRF:18
BRH:0
end_of_record
TN:
SF:src\components\PatternSelectorMUI.tsx
FN:22,(anonymous_0)
FN:31,(anonymous_1)
FN:60,(anonymous_2)
FN:65,(anonymous_3)
FN:101,(anonymous_4)
FN:122,(anonymous_5)
FNF:6
FNH:0
FNDA:0,(anonymous_0)
FNDA:0,(anonymous_1)
FNDA:0,(anonymous_2)
FNDA:0,(anonymous_3)
FNDA:0,(anonymous_4)
FNDA:0,(anonymous_5)
DA:5,0
DA:22,0
DA:29,0
DA:31,0
DA:32,0
DA:33,0
DA:34,0
DA:35,0
DA:36,0
DA:37,0
DA:41,0
DA:61,0
DA:65,0
DA:102,0
DA:122,0
DA:168,0
LF:16
LH:0
BRDA:32,0,0,0
BRDA:32,0,1,0
BRDA:32,0,2,0
BRDA:32,0,3,0
BRDA:32,0,4,0
BRDA:63,1,0,0
BRDA:63,1,1,0
BRDA:69,2,0,0
BRDA:69,2,1,0
BRDA:107,3,0,0
BRDA:107,3,1,0
BRDA:111,4,0,0
BRDA:111,4,1,0
BRF:13
BRH:0
end_of_record
TN:
SF:src\components\PipelineTest.tsx
FN:9,(anonymous_0)
FNF:1
FNH:1
FNDA:5,(anonymous_0)
DA:9,1
DA:13,5
DA:33,1
LF:3
LH:3
BRDA:10,0,0,4
BRDA:11,1,0,4
BRF:2
BRH:2
end_of_record
TN:
SF:src\components\QuickStartGuide.tsx
FN:16,(anonymous_1)
FN:50,(anonymous_2)
FN:127,(anonymous_3)
FN:159,(anonymous_4)
FN:167,(anonymous_5)
FN:177,(anonymous_6)
FNF:6
FNH:0
FNDA:0,(anonymous_1)
FNDA:0,(anonymous_2)
FNDA:0,(anonymous_3)
FNDA:0,(anonymous_4)
FNDA:0,(anonymous_5)
FNDA:0,(anonymous_6)
DA:4,0
DA:5,0
DA:7,0
DA:16,0
DA:21,0
DA:32,0
DA:40,0
DA:50,0
DA:65,0
DA:69,0
DA:75,0
DA:81,0
DA:88,0
DA:104,0
DA:127,0
DA:128,0
DA:130,0
DA:157,0
DA:159,0
DA:168,0
DA:177,0
DA:187,0
LF:22
LH:0
BRDA:16,0,0,0
BRDA:16,0,1,0
BRDA:127,1,0,0
BRDA:160,2,0,0
BRDA:160,2,1,0
BRF:5
BRH:0
end_of_record
TN:
SF:src\components\SimpleAudioTest.tsx
FN:46,(anonymous_8)
FN:51,(anonymous_9)
FN:56,(anonymous_10)
FN:56,(anonymous_11)
FN:108,(anonymous_12)
FNF:5
FNH:0
FNDA:0,(anonymous_8)
FNDA:0,(anonymous_9)
FNDA:0,(anonymous_10)
FNDA:0,(anonymous_11)
FNDA:0,(anonymous_12)
DA:4,0
DA:5,0
DA:7,0
DA:19,0
DA:25,0
DA:45,0
DA:46,0
DA:51,0
DA:52,0
DA:53,0
DA:54,0
DA:56,0
DA:57,0
DA:58,0
DA:60,0
DA:61,0
DA:65,0
DA:66,0
DA:68,0
DA:69,0
DA:71,0
DA:72,0
DA:75,0
DA:76,0
DA:77,0
DA:78,0
DA:81,0
DA:82,0
DA:85,0
DA:86,0
DA:89,0
DA:90,0
DA:93,0
DA:94,0
DA:96,0
DA:97,0
DA:98,0
DA:100,0
DA:103,0
DA:104,0
DA:108,0
DA:109,0
DA:110,0
DA:111,0
DA:114,0
DA:115,0
DA:116,0
DA:119,0
DA:120,0
DA:123,0
DA:124,0
DA:125,0
DA:127,0
DA:130,0
DA:155,0
LF:55
LH:0
BRDA:46,0,0,0
BRDA:46,0,1,0
BRDA:58,1,0,0
BRDA:58,1,1,0
BRDA:60,2,0,0
BRDA:60,2,1,0
BRDA:109,3,0,0
BRDA:109,3,1,0
BRDA:114,4,0,0
BRDA:114,4,1,0
BRDA:119,5,0,0
BRDA:119,5,1,0
BRDA:149,6,0,0
BRDA:149,6,1,0
BRF:14
BRH:0
end_of_record
TN:
SF:src\components\SimpleAuth.tsx
FN:5,(anonymous_7)
FN:10,(anonymous_8)
FN:10,(anonymous_9)
FN:31,(anonymous_10)
FN:31,(anonymous_11)
FN:45,(anonymous_12)
FN:120,(anonymous_13)
FN:159,(anonymous_14)
FN:162,(anonymous_15)
FNF:9
FNH:0
FNDA:0,(anonymous_7)
FNDA:0,(anonymous_8)
FNDA:0,(anonymous_9)
FNDA:0,(anonymous_10)
FNDA:0,(anonymous_11)
FNDA:0,(anonymous_12)
FNDA:0,(anonymous_13)
FNDA:0,(anonymous_14)
FNDA:0,(anonymous_15)
DA:1,0
DA:2,0
DA:3,0
DA:5,0
DA:6,0
DA:7,0
DA:8,0
DA:10,0
DA:11,0
DA:12,0
DA:14,0
DA:17,0
DA:25,0
DA:27,0
DA:31,0
DA:32,0
DA:33,0
DA:35,0
DA:36,0
DA:39,0
DA:41,0
DA:45,0
DA:46,0
DA:49,0
DA:52,0
DA:54,0
DA:56,0
DA:107,0
DA:120,0
DA:159,0
DA:162,0
DA:171,0
LF:32
LH:0
BRDA:46,0,0,0
BRDA:46,0,1,0
BRDA:52,1,0,0
BRDA:52,1,1,0
BRDA:60,2,0,0
BRDA:60,2,1,0
BRDA:63,3,0,0
BRDA:63,3,1,0
BRDA:73,4,0,0
BRDA:73,4,1,0
BRDA:84,5,0,0
BRDA:84,5,1,0
BRDA:125,6,0,0
BRDA:125,6,1,0
BRDA:131,7,0,0
BRDA:131,7,1,0
BRDA:133,8,0,0
BRDA:133,8,1,0
BRDA:144,9,0,0
BRDA:144,9,1,0
BRDA:144,9,2,0
BRF:21
BRH:0
end_of_record
TN:
SF:src\components\SpatialAudioControls.tsx
FN:119,(anonymous_1)
FN:124,(anonymous_2)
FN:134,(anonymous_3)
FN:171,(anonymous_4)
FN:175,(anonymous_5)
FN:182,(anonymous_6)
FN:189,(anonymous_7)
FN:238,(anonymous_8)
FN:243,(anonymous_9)
FN:263,(anonymous_10)
FN:276,(anonymous_11)
FN:283,(anonymous_12)
FN:288,(anonymous_13)
FN:308,(anonymous_14)
FN:321,(anonymous_15)
FN:334,(anonymous_16)
FN:341,(anonymous_17)
FN:344,(anonymous_18)
FN:347,(anonymous_19)
FN:350,(anonymous_20)
FNF:20
FNH:0
FNDA:0,(anonymous_1)
FNDA:0,(anonymous_2)
FNDA:0,(anonymous_3)
FNDA:0,(anonymous_4)
FNDA:0,(anonymous_5)
FNDA:0,(anonymous_6)
FNDA:0,(anonymous_7)
FNDA:0,(anonymous_8)
FNDA:0,(anonymous_9)
FNDA:0,(anonymous_10)
FNDA:0,(anonymous_11)
FNDA:0,(anonymous_12)
FNDA:0,(anonymous_13)
FNDA:0,(anonymous_14)
FNDA:0,(anonymous_15)
FNDA:0,(anonymous_16)
FNDA:0,(anonymous_17)
FNDA:0,(anonymous_18)
FNDA:0,(anonymous_19)
FNDA:0,(anonymous_20)
DA:5,0
DA:28,0
DA:60,0
DA:69,0
DA:73,0
DA:81,0
DA:106,0
DA:119,0
DA:124,0
DA:134,0
DA:140,0
DA:147,0
DA:154,0
DA:171,0
DA:175,0
DA:176,0
DA:182,0
DA:183,0
DA:189,0
DA:190,0
DA:223,0
DA:229,0
DA:238,0
DA:263,0
DA:276,0
DA:283,0
DA:308,0
DA:321,0
DA:334,0
DA:341,0
DA:344,0
DA:347,0
DA:350,0
DA:360,0
LF:34
LH:0
BRDA:119,0,0,0
BRDA:119,0,1,0
BRDA:124,1,0,0
BRDA:124,1,1,0
BRDA:134,2,0,0
BRDA:134,2,1,0
BRDA:252,3,0,0
BRDA:252,3,1,0
BRDA:297,4,0,0
BRDA:297,4,1,0
BRDA:301,5,0,0
BRDA:301,5,1,0
BRDA:307,6,0,0
BRDA:307,6,1,0
BRDA:314,7,0,0
BRDA:314,7,1,0
BRDA:320,8,0,0
BRDA:320,8,1,0
BRDA:327,9,0,0
BRDA:327,9,1,0
BRDA:333,10,0,0
BRDA:333,10,1,0
BRF:22
BRH:0
end_of_record
TN:
SF:src\components\SpatialVisualizer.tsx
FN:21,(anonymous_1)
FN:31,(anonymous_2)
FN:66,(anonymous_3)
FN:83,(anonymous_4)
FN:104,(anonymous_5)
FN:124,(anonymous_6)
FN:146,(anonymous_7)
FN:166,(anonymous_8)
FN:181,(anonymous_9)
FN:190,(anonymous_10)
FNF:10
FNH:0
FNDA:0,(anonymous_1)
FNDA:0,(anonymous_2)
FNDA:0,(anonymous_3)
FNDA:0,(anonymous_4)
FNDA:0,(anonymous_5)
FNDA:0,(anonymous_6)
FNDA:0,(anonymous_7)
FNDA:0,(anonymous_8)
FNDA:0,(anonymous_9)
FNDA:0,(anonymous_10)
DA:4,0
DA:5,0
DA:8,0
DA:15,0
DA:21,0
DA:26,0
DA:27,0
DA:28,0
DA:31,0
DA:32,0
DA:33,0
DA:34,0
DA:37,0
DA:40,0
DA:41,0
DA:44,0
DA:46,0
DA:47,0
DA:49,0
DA:50,0
DA:52,0
DA:53,0
DA:55,0
DA:59,0
DA:60,0
DA:61,0
DA:62,0
DA:63,0
DA:65,0
DA:66,0
DA:67,0
DA:68,0
DA:70,0
DA:71,0
DA:73,0
DA:76,0
DA:79,0
DA:83,0
DA:84,0
DA:85,0
DA:87,0
DA:88,0
DA:89,0
DA:90,0
DA:92,0
DA:93,0
DA:94,0
DA:96,0
DA:97,0
DA:98,0
DA:99,0
DA:104,0
DA:105,0
DA:107,0
DA:108,0
DA:110,0
DA:111,0
DA:112,0
DA:113,0
DA:115,0
DA:116,0
DA:117,0
DA:118,0
DA:124,0
DA:125,0
DA:127,0
DA:128,0
DA:130,0
DA:131,0
DA:132,0
DA:133,0
DA:134,0
DA:136,0
DA:137,0
DA:139,0
DA:142,0
DA:146,0
DA:147,0
DA:148,0
DA:150,0
DA:151,0
DA:152,0
DA:153,0
DA:155,0
DA:156,0
DA:157,0
DA:158,0
DA:159,0
DA:166,0
DA:167,0
DA:169,0
DA:170,0
DA:172,0
DA:173,0
DA:175,0
DA:177,0
DA:181,0
DA:182,0
DA:183,0
DA:185,0
DA:186,0
DA:188,0
DA:190,0
DA:191,0
DA:192,0
DA:197,0
DA:204,0
LF:107
LH:0
BRDA:24,0,0,0
BRDA:44,1,0,0
BRDA:44,1,1,0
BRDA:44,1,2,0
BRDA:44,1,3,0
BRDA:59,2,0,0
BRDA:59,2,1,0
BRDA:59,3,0,0
BRDA:59,3,1,0
BRDA:70,4,0,0
BRDA:70,4,1,0
BRDA:136,5,0,0
BRDA:136,5,1,0
BRDA:155,6,0,0
BRDA:155,6,1,0
BRDA:170,7,0,0
BRDA:170,7,1,0
BRDA:173,8,0,0
BRDA:173,8,1,0
BRDA:183,9,0,0
BRDA:183,9,1,0
BRDA:191,10,0,0
BRDA:191,10,1,0
BRF:23
BRH:0
end_of_record
TN:
SF:src\components\StarField.tsx
FN:35,(anonymous_1)
FN:47,(anonymous_2)
FN:79,(anonymous_3)
FN:85,(anonymous_4)
FN:135,(anonymous_5)
FN:145,(anonymous_6)
FN:243,(anonymous_7)
FN:266,(anonymous_8)
FN:274,(anonymous_9)
FN:284,(anonymous_10)
FN:302,(anonymous_11)
FN:312,(anonymous_12)
FNF:12
FNH:0
FNDA:0,(anonymous_1)
FNDA:0,(anonymous_2)
FNDA:0,(anonymous_3)
FNDA:0,(anonymous_4)
FNDA:0,(anonymous_5)
FNDA:0,(anonymous_6)
FNDA:0,(anonymous_7)
FNDA:0,(anonymous_8)
FNDA:0,(anonymous_9)
FNDA:0,(anonymous_10)
FNDA:0,(anonymous_11)
FNDA:0,(anonymous_12)
DA:4,0
DA:5,0
DA:8,0
DA:35,0
DA:41,0
DA:42,0
DA:43,0
DA:44,0
DA:47,0
DA:48,0
DA:49,0
DA:50,0
DA:52,0
DA:53,0
DA:72,0
DA:75,0
DA:79,0
DA:80,0
DA:81,0
DA:82,0
DA:83,0
DA:85,0
DA:87,0
DA:88,0
DA:89,0
DA:92,0
DA:93,0
DA:94,0
DA:95,0
DA:96,0
DA:97,0
DA:101,0
DA:102,0
DA:106,0
DA:111,0
DA:112,0
DA:113,0
DA:116,0
DA:117,0
DA:118,0
DA:120,0
DA:121,0
DA:122,0
DA:127,0
DA:128,0
DA:129,0
DA:135,0
DA:136,0
DA:137,0
DA:138,0
DA:139,0
DA:142,0
DA:143,0
DA:145,0
DA:147,0
DA:148,0
DA:149,0
DA:152,0
DA:155,0
DA:156,0
DA:157,0
DA:160,0
DA:163,0
DA:166,0
DA:172,0
DA:173,0
DA:176,0
DA:177,0
DA:178,0
DA:179,0
DA:180,0
DA:181,0
DA:182,0
DA:185,0
DA:186,0
DA:187,0
DA:188,0
DA:189,0
DA:190,0
DA:191,0
DA:192,0
DA:193,0
DA:196,0
DA:197,0
DA:198,0
DA:199,0
DA:200,0
DA:202,0
DA:203,0
DA:204,0
DA:205,0
DA:207,0
DA:208,0
DA:209,0
DA:213,0
DA:215,0
DA:220,0
DA:221,0
DA:222,0
DA:223,0
DA:225,0
DA:226,0
DA:227,0
DA:228,0
DA:229,0
DA:230,0
DA:233,0
DA:234,0
DA:235,0
DA:236,0
DA:237,0
DA:239,0
DA:243,0
DA:244,0
DA:245,0
DA:247,0
DA:248,0
DA:251,0
DA:252,0
DA:253,0
DA:254,0
DA:258,0
DA:259,0
DA:262,0
DA:266,0
DA:267,0
DA:274,0
DA:275,0
DA:276,0
DA:278,0
DA:279,0
DA:280,0
DA:284,0
DA:285,0
DA:286,0
DA:289,0
DA:290,0
DA:293,0
DA:296,0
DA:299,0
DA:300,0
DA:302,0
DA:303,0
DA:304,0
DA:306,0
DA:307,0
DA:312,0
DA:313,0
DA:314,0
DA:315,0
DA:319,0
DA:322,0
LF:152
LH:0
BRDA:36,0,0,0
BRDA:37,1,0,0
BRDA:38,2,0,0
BRDA:39,3,0,0
BRDA:92,4,0,0
BRDA:92,4,1,0
BRDA:111,5,0,0
BRDA:111,5,1,0
BRDA:120,6,0,0
BRDA:120,6,1,0
BRDA:127,7,0,0
BRDA:127,7,1,0
BRDA:152,8,0,0
BRDA:152,8,1,0
BRDA:152,9,0,0
BRDA:152,9,1,0
BRDA:152,9,2,0
BRDA:152,9,3,0
BRDA:166,10,0,0
BRDA:166,10,1,0
BRDA:168,11,0,0
BRDA:168,11,1,0
BRDA:196,12,0,0
BRDA:196,12,1,0
BRDA:245,13,0,0
BRDA:245,13,1,0
BRDA:248,14,0,0
BRDA:248,14,1,0
BRDA:251,15,0,0
BRDA:251,15,1,0
BRDA:251,16,0,0
BRDA:251,16,1,0
BRDA:276,17,0,0
BRDA:276,17,1,0
BRDA:286,18,0,0
BRDA:286,18,1,0
BRDA:303,19,0,0
BRDA:303,19,1,0
BRDA:314,20,0,0
BRDA:314,20,1,0
BRF:40
BRH:0
end_of_record
TN:
SF:src\components\SubscriptionFlow.tsx
FN:23,(anonymous_8)
FN:41,(anonymous_9)
FN:41,(anonymous_10)
FN:70,(anonymous_11)
FN:70,(anonymous_12)
FN:80,(anonymous_13)
FN:116,(anonymous_14)
FNF:7
FNH:0
FNDA:0,(anonymous_8)
FNDA:0,(anonymous_9)
FNDA:0,(anonymous_10)
FNDA:0,(anonymous_11)
FNDA:0,(anonymous_12)
FNDA:0,(anonymous_13)
FNDA:0,(anonymous_14)
DA:1,0
DA:2,0
DA:15,0
DA:23,0
DA:28,0
DA:29,0
DA:30,0
DA:32,0
DA:41,0
DA:42,0
DA:43,0
DA:45,0
DA:46,0
DA:52,0
DA:53,0
DA:56,0
DA:57,0
DA:61,0
DA:64,0
DA:66,0
DA:70,0
DA:71,0
DA:72,0
DA:73,0
DA:78,0
DA:80,0
DA:81,0
DA:82,0
DA:83,0
DA:87,0
DA:117,0
DA:157,0
LF:32
LH:0
BRDA:52,0,0,0
BRDA:52,0,1,0
BRDA:64,1,0,0
BRDA:64,1,1,0
BRDA:71,2,0,0
BRDA:71,2,1,0
BRDA:104,3,0,0
BRDA:104,3,1,0
BRDA:143,4,0,0
BRDA:143,4,1,0
BRDA:145,5,0,0
BRDA:145,5,1,0
BRF:12
BRH:0
end_of_record
TN:
SF:src\components\TimerControls.tsx
FN:60,(anonymous_7)
FN:69,(anonymous_8)
FN:74,(anonymous_9)
FN:81,(anonymous_10)
FN:86,(anonymous_11)
FN:86,(anonymous_12)
FN:103,(anonymous_13)
FN:115,(anonymous_14)
FN:115,(anonymous_15)
FN:136,(anonymous_16)
FN:136,(anonymous_17)
FN:173,(anonymous_18)
FN:173,(anonymous_19)
FN:199,(anonymous_20)
FN:230,(anonymous_21)
FN:249,(anonymous_22)
FN:252,(anonymous_23)
FN:333,(anonymous_24)
FN:342,(anonymous_25)
FN:352,(anonymous_26)
FNF:20
FNH:0
FNDA:0,(anonymous_7)
FNDA:0,(anonymous_8)
FNDA:0,(anonymous_9)
FNDA:0,(anonymous_10)
FNDA:0,(anonymous_11)
FNDA:0,(anonymous_12)
FNDA:0,(anonymous_13)
FNDA:0,(anonymous_14)
FNDA:0,(anonymous_15)
FNDA:0,(anonymous_16)
FNDA:0,(anonymous_17)
FNDA:0,(anonymous_18)
FNDA:0,(anonymous_19)
FNDA:0,(anonymous_20)
FNDA:0,(anonymous_21)
FNDA:0,(anonymous_22)
FNDA:0,(anonymous_23)
FNDA:0,(anonymous_24)
FNDA:0,(anonymous_25)
FNDA:0,(anonymous_26)
DA:1,0
DA:2,0
DA:3,0
DA:60,0
DA:61,0
DA:62,0
DA:63,0
DA:64,0
DA:65,0
DA:66,0
DA:69,0
DA:70,0
DA:74,0
DA:77,0
DA:78,0
DA:81,0
DA:82,0
DA:86,0
DA:87,0
DA:89,0
DA:90,0
DA:91,0
DA:93,0
DA:101,0
DA:102,0
DA:103,0
DA:105,0
DA:108,0
DA:109,0
DA:111,0
DA:115,0
DA:116,0
DA:118,0
DA:119,0
DA:127,0
DA:128,0
DA:129,0
DA:132,0
DA:136,0
DA:137,0
DA:139,0
DA:140,0
DA:141,0
DA:143,0
DA:154,0
DA:155,0
DA:156,0
DA:158,0
DA:159,0
DA:160,0
DA:162,0
DA:166,0
DA:167,0
DA:169,0
DA:173,0
DA:174,0
DA:176,0
DA:177,0
DA:179,0
DA:188,0
DA:189,0
DA:190,0
DA:193,0
DA:195,0
DA:199,0
DA:200,0
DA:201,0
DA:202,0
DA:204,0
DA:205,0
DA:207,0
DA:210,0
DA:211,0
DA:220,0
DA:230,0
DA:249,0
DA:253,0
DA:333,0
DA:342,0
DA:352,0
DA:372,0
LF:81
LH:0
BRDA:77,0,0,0
BRDA:77,0,1,0
BRDA:77,1,0,0
BRDA:77,1,1,0
BRDA:77,2,0,0
BRDA:77,2,1,0
BRDA:77,3,0,0
BRDA:77,3,1,0
BRDA:77,4,0,0
BRDA:77,4,1,0
BRDA:82,5,0,0
BRDA:82,5,1,0
BRDA:84,6,0,0
BRDA:84,6,1,0
BRDA:84,7,0,0
BRDA:84,7,1,0
BRDA:84,8,0,0
BRDA:84,8,1,0
BRDA:84,9,0,0
BRDA:84,9,1,0
BRDA:87,10,0,0
BRDA:87,10,1,0
BRDA:96,11,0,0
BRDA:96,11,1,0
BRDA:101,12,0,0
BRDA:101,12,1,0
BRDA:116,13,0,0
BRDA:116,13,1,0
BRDA:122,14,0,0
BRDA:122,14,1,0
BRDA:127,15,0,0
BRDA:127,15,1,0
BRDA:137,16,0,0
BRDA:137,16,1,0
BRDA:137,17,0,0
BRDA:137,17,1,0
BRDA:146,18,0,0
BRDA:146,18,1,0
BRDA:154,19,0,0
BRDA:154,19,1,0
BRDA:159,20,0,0
BRDA:159,20,1,0
BRDA:159,21,0,0
BRDA:159,21,1,0
BRDA:159,22,0,0
BRDA:159,22,1,0
BRDA:174,23,0,0
BRDA:174,23,1,0
BRDA:182,24,0,0
BRDA:182,24,1,0
BRDA:188,25,0,0
BRDA:188,25,1,0
BRDA:204,26,0,0
BRDA:204,26,1,0
BRDA:210,27,0,0
BRDA:210,27,1,0
BRDA:222,28,0,0
BRDA:222,28,1,0
BRDA:225,29,0,0
BRDA:225,29,1,0
BRDA:250,30,0,0
BRDA:250,30,1,0
BRDA:250,31,0,0
BRDA:250,31,1,0
BRDA:250,32,0,0
BRDA:250,32,1,0
BRDA:250,33,0,0
BRDA:250,33,1,0
BRDA:250,34,0,0
BRDA:250,34,1,0
BRDA:261,35,0,0
BRDA:261,35,1,0
BRDA:276,36,0,0
BRDA:276,36,1,0
BRDA:276,36,2,0
BRDA:276,37,0,0
BRDA:276,37,1,0
BRDA:276,38,0,0
BRDA:276,38,1,0
BRDA:276,39,0,0
BRDA:276,39,1,0
BRDA:276,40,0,0
BRDA:276,40,1,0
BRDA:278,41,0,0
BRDA:278,41,1,0
BRDA:284,42,0,0
BRDA:284,42,1,0
BRDA:284,43,0,0
BRDA:284,43,1,0
BRDA:284,44,0,0
BRDA:284,44,1,0
BRDA:291,45,0,0
BRDA:291,45,1,0
BRDA:316,46,0,0
BRDA:316,46,1,0
BRDA:329,47,0,0
BRDA:329,47,1,0
BRDA:363,48,0,0
BRDA:363,48,1,0
BRDA:363,48,2,0
BRF:100
BRH:0
end_of_record
TN:
SF:src\components\UsageTrackingExample.tsx
FN:10,(anonymous_0)
FN:15,(anonymous_1)
FN:22,(anonymous_2)
FNF:3
FNH:0
FNDA:0,(anonymous_0)
FNDA:0,(anonymous_1)
FNDA:0,(anonymous_2)
DA:1,0
DA:2,0
DA:3,0
DA:4,0
DA:10,0
DA:11,0
DA:12,0
DA:15,0
DA:16,0
DA:17,0
DA:18,0
DA:22,0
DA:23,0
DA:24,0
DA:29,0
DA:72,0
LF:16
LH:0
BRDA:17,0,0,0
BRDA:17,0,1,0
BRDA:17,1,0,0
BRDA:17,1,1,0
BRDA:23,2,0,0
BRDA:23,2,1,0
BRDA:36,3,0,0
BRDA:36,3,1,0
BRDA:37,4,0,0
BRDA:37,4,1,0
BRDA:42,5,0,0
BRDA:42,5,1,0
BRDA:50,6,0,0
BRDA:50,6,1,0
BRDA:51,7,0,0
BRDA:51,7,1,0
BRDA:54,8,0,0
BRDA:54,8,1,0
BRDA:57,9,0,0
BRDA:57,9,1,0
BRF:20
BRH:0
end_of_record
TN:
SF:src\components\WaveGuidePanel.tsx
FN:130,(anonymous_1)
FN:140,(anonymous_2)
FN:181,(anonymous_3)
FN:217,(anonymous_4)
FN:221,(anonymous_5)
FN:228,(anonymous_6)
FN:235,(anonymous_7)
FN:245,(anonymous_8)
FN:287,(anonymous_9)
FN:296,(anonymous_10)
FNF:10
FNH:0
FNDA:0,(anonymous_1)
FNDA:0,(anonymous_2)
FNDA:0,(anonymous_3)
FNDA:0,(anonymous_4)
FNDA:0,(anonymous_5)
FNDA:0,(anonymous_6)
FNDA:0,(anonymous_7)
FNDA:0,(anonymous_8)
FNDA:0,(anonymous_9)
FNDA:0,(anonymous_10)
DA:5,0
DA:8,0
DA:37,0
DA:44,0
DA:48,0
DA:56,0
DA:63,0
DA:68,0
DA:74,0
DA:88,0
DA:107,0
DA:124,0
DA:131,0
DA:132,0
DA:133,0
DA:134,0
DA:135,0
DA:136,0
DA:141,0
DA:143,0
DA:152,0
DA:159,0
DA:166,0
DA:173,0
DA:182,0
DA:183,0
DA:184,0
DA:189,0
DA:198,0
DA:204,0
DA:211,0
DA:217,0
DA:221,0
DA:222,0
DA:228,0
DA:229,0
DA:235,0
DA:236,0
DA:245,0
DA:246,0
DA:252,0
DA:287,0
DA:296,0
DA:332,0
LF:44
LH:0
BRDA:131,0,0,0
BRDA:131,0,1,0
BRDA:131,0,2,0
BRDA:131,0,3,0
BRDA:131,0,4,0
BRDA:141,1,0,0
BRDA:141,1,1,0
BRDA:141,1,2,0
BRDA:141,1,3,0
BRDA:141,1,4,0
BRDA:182,2,0,0
BRDA:182,2,1,0
BRDA:240,3,0,0
BRDA:240,3,1,0
BRDA:248,4,0,0
BRDA:248,4,1,0
BRF:16
BRH:0
end_of_record
TN:
SF:src\components\WaveGuidePanelMUI.tsx
FN:21,(anonymous_0)
FN:25,(anonymous_1)
FN:32,(anonymous_2)
FN:39,(anonymous_3)
FN:49,(anonymous_4)
FN:56,(anonymous_5)
FN:66,(anonymous_6)
FN:136,(anonymous_7)
FN:150,(anonymous_8)
FN:168,(anonymous_9)
FN:177,(anonymous_10)
FN:187,(anonymous_11)
FNF:12
FNH:0
FNDA:0,(anonymous_0)
FNDA:0,(anonymous_1)
FNDA:0,(anonymous_2)
FNDA:0,(anonymous_3)
FNDA:0,(anonymous_4)
FNDA:0,(anonymous_5)
FNDA:0,(anonymous_6)
FNDA:0,(anonymous_7)
FNDA:0,(anonymous_8)
FNDA:0,(anonymous_9)
FNDA:0,(anonymous_10)
FNDA:0,(anonymous_11)
DA:5,0
DA:21,0
DA:25,0
DA:26,0
DA:32,0
DA:33,0
DA:39,0
DA:40,0
DA:49,0
DA:50,0
DA:56,0
DA:57,0
DA:58,0
DA:59,0
DA:60,0
DA:61,0
DA:62,0
DA:66,0
DA:67,0
DA:73,0
DA:75,0
DA:82,0
DA:89,0
DA:96,0
DA:103,0
DA:107,0
DA:136,0
DA:150,0
DA:168,0
DA:177,0
DA:187,0
DA:260,0
LF:32
LH:0
BRDA:44,0,0,0
BRDA:44,0,1,0
BRDA:52,1,0,0
BRDA:52,1,1,0
BRDA:57,2,0,0
BRDA:57,2,1,0
BRDA:57,2,2,0
BRDA:57,2,3,0
BRDA:57,2,4,0
BRDA:73,3,0,0
BRDA:73,3,1,0
BRDA:73,3,2,0
BRDA:73,3,3,0
BRDA:73,3,4,0
BRF:14
BRH:0
end_of_record
TN:
SF:src\components\tabs\ADHDTab.tsx
FN:63,(anonymous_1)
FN:66,(anonymous_2)
FN:75,(anonymous_3)
FN:78,(anonymous_4)
FNF:4
FNH:0
FNDA:0,(anonymous_1)
FNDA:0,(anonymous_2)
FNDA:0,(anonymous_3)
FNDA:0,(anonymous_4)
DA:5,0
DA:6,0
DA:9,0
DA:13,0
DA:18,0
DA:32,0
DA:37,0
DA:44,0
DA:51,0
DA:63,0
DA:66,0
DA:67,0
DA:70,0
DA:76,0
DA:78,0
DA:93,0
LF:16
LH:0
BRF:0
BRH:0
end_of_record
TN:
SF:src\components\tabs\FrequencyTab.tsx
FN:19,(anonymous_1)
FNF:1
FNH:0
FNDA:0,(anonymous_1)
DA:4,0
DA:7,0
DA:19,0
DA:20,0
DA:28,0
LF:5
LH:0
BRF:0
BRH:0
end_of_record
TN:
SF:src\components\tabs\GuideTab.tsx
FN:70,(anonymous_1)
FN:75,(anonymous_2)
FN:87,(anonymous_3)
FN:96,(anonymous_4)
FNF:4
FNH:0
FNDA:0,(anonymous_1)
FNDA:0,(anonymous_2)
FNDA:0,(anonymous_3)
FNDA:0,(anonymous_4)
DA:5,0
DA:6,0
DA:9,0
DA:13,0
DA:21,0
DA:27,0
DA:33,0
DA:42,0
DA:47,0
DA:53,0
DA:57,0
DA:70,0
DA:71,0
DA:76,0
DA:88,0
DA:97,0
DA:107,0
LF:17
LH:0
BRF:0
BRH:0
end_of_record
TN:
SF:src\components\tabs\PatternTab.tsx
FN:32,(anonymous_1)
FN:36,(anonymous_2)
FN:121,(anonymous_3)
FN:132,(anonymous_4)
FN:136,(anonymous_5)
FN:143,(anonymous_6)
FN:161,(anonymous_7)
FN:165,(anonymous_8)
FNF:8
FNH:0
FNDA:0,(anonymous_1)
FNDA:0,(anonymous_2)
FNDA:0,(anonymous_3)
FNDA:0,(anonymous_4)
FNDA:0,(anonymous_5)
FNDA:0,(anonymous_6)
FNDA:0,(anonymous_7)
FNDA:0,(anonymous_8)
DA:5,0
DA:8,0
DA:12,0
DA:16,0
DA:24,0
DA:30,0
DA:32,0
DA:36,0
DA:48,0
DA:55,0
DA:63,0
DA:70,0
DA:74,0
DA:84,0
DA:94,0
DA:99,0
DA:121,0
DA:127,0
DA:132,0
DA:136,0
DA:144,0
DA:162,0
DA:165,0
DA:181,0
LF:24
LH:0
BRDA:32,0,0,0
BRDA:32,0,1,0
BRDA:36,1,0,0
BRDA:36,1,1,0
BRDA:135,2,0,0
BRDA:135,2,1,0
BRDA:135,3,0,0
BRDA:135,3,1,0
BRDA:138,4,0,0
BRDA:138,4,1,0
BRF:10
BRH:0
end_of_record
TN:
SF:src\components\tabs\SettingsTab.tsx
FN:38,(anonymous_1)
FN:43,(anonymous_2)
FNF:2
FNH:0
FNDA:0,(anonymous_1)
FNDA:0,(anonymous_2)
DA:4,0
DA:5,0
DA:8,0
DA:15,0
DA:22,0
DA:38,0
DA:43,0
DA:53,0
DA:61,0
DA:62,0
DA:66,0
DA:81,0
DA:151,0
LF:13
LH:0
BRDA:61,0,0,0
BRDA:61,0,1,0
BRDA:86,1,0,0
BRDA:86,1,1,0
BRDA:86,2,0,0
BRDA:86,2,1,0
BRDA:86,3,0,0
BRDA:86,3,1,0
BRDA:87,4,0,0
BRDA:87,4,1,0
BRDA:87,5,0,0
BRDA:87,5,1,0
BRDA:87,6,0,0
BRDA:87,6,1,0
BRDA:88,7,0,0
BRDA:88,7,1,0
BRDA:88,8,0,0
BRDA:88,8,1,0
BRDA:88,9,0,0
BRDA:88,9,1,0
BRDA:89,10,0,0
BRDA:89,10,1,0
BRDA:89,11,0,0
BRDA:89,11,1,0
BRDA:89,12,0,0
BRDA:89,12,1,0
BRDA:90,13,0,0
BRDA:90,13,1,0
BRDA:90,14,0,0
BRDA:90,14,1,0
BRDA:90,15,0,0
BRDA:90,15,1,0
BRDA:91,16,0,0
BRDA:91,16,1,0
BRDA:91,17,0,0
BRDA:91,17,1,0
BRDA:91,18,0,0
BRDA:91,18,1,0
BRDA:92,19,0,0
BRDA:92,19,1,0
BRDA:92,20,0,0
BRDA:92,20,1,0
BRDA:92,21,0,0
BRDA:92,21,1,0
BRDA:102,22,0,0
BRDA:102,22,1,0
BRDA:104,23,0,0
BRDA:104,23,1,0
BRDA:104,24,0,0
BRDA:104,24,1,0
BRDA:112,25,0,0
BRDA:112,25,1,0
BRDA:114,26,0,0
BRDA:114,26,1,0
BRDA:115,27,0,0
BRDA:115,27,1,0
BRDA:116,28,0,0
BRDA:116,28,1,0
BRDA:130,29,0,0
BRDA:130,29,1,0
BRDA:130,30,0,0
BRDA:130,30,1,0
BRDA:130,31,0,0
BRDA:130,31,1,0
BRDA:130,32,0,0
BRDA:130,32,1,0
BRDA:130,33,0,0
BRDA:130,33,1,0
BRDA:131,34,0,0
BRDA:131,34,1,0
BRDA:131,35,0,0
BRDA:131,35,1,0
BRDA:131,36,0,0
BRDA:131,36,1,0
BRDA:131,37,0,0
BRDA:131,37,1,0
BRDA:131,38,0,0
BRDA:131,38,1,0
BRDA:132,39,0,0
BRDA:132,39,1,0
BRDA:141,40,0,0
BRDA:141,40,1,0
BRDA:141,41,0,0
BRDA:141,41,1,0
BRDA:141,42,0,0
BRDA:141,42,1,0
BRDA:142,43,0,0
BRDA:142,43,1,0
BRDA:142,44,0,0
BRDA:142,44,1,0
BRDA:142,45,0,0
BRDA:142,45,1,0
BRDA:143,46,0,0
BRDA:143,46,1,0
BRDA:143,47,0,0
BRDA:143,47,1,0
BRDA:143,48,0,0
BRDA:143,48,1,0
BRDA:144,49,0,0
BRDA:144,49,1,0
BRDA:144,50,0,0
BRDA:144,50,1,0
BRDA:144,51,0,0
BRDA:144,51,1,0
BRF:104
BRH:0
end_of_record
TN:
SF:src\components\tabs\TimerTab.tsx
FN:39,(anonymous_1)
FNF:1
FNH:0
FNDA:0,(anonymous_1)
DA:3,0
DA:4,0
DA:7,0
DA:13,0
DA:21,0
DA:39,0
DA:40,0
DA:52,0
LF:8
LH:0
BRF:0
BRH:0
end_of_record
TN:
SF:src\components\tabs\VisualizationTab.tsx
FN:18,(anonymous_1)
FNF:1
FNH:0
FNDA:0,(anonymous_1)
DA:4,0
DA:7,0
DA:18,0
DA:19,0
DA:27,0
LF:5
LH:0
BRF:0
BRH:0
end_of_record
TN:
SF:src\components\tabs\YouTubeTab.tsx
FN:18,(anonymous_1)
FNF:1
FNH:0
FNDA:0,(anonymous_1)
DA:4,0
DA:7,0
DA:18,0
DA:19,0
DA:27,0
LF:5
LH:0
BRF:0
BRH:0
end_of_record
TN:
SF:src\contexts\AuthContext.tsx
FN:9,(anonymous_7)
FN:17,(anonymous_8)
FN:18,(anonymous_9)
FN:18,(anonymous_10)
FN:38,(anonymous_11)
FN:38,(anonymous_12)
FN:69,(anonymous_13)
FN:75,(anonymous_14)
FN:75,(anonymous_15)
FN:88,(anonymous_16)
FN:88,(anonymous_17)
FN:101,(anonymous_18)
FN:101,(anonymous_19)
FN:109,(anonymous_20)
FN:109,(anonymous_21)
FN:138,(anonymous_22)
FN:170,(anonymous_23)
FNF:17
FNH:0
FNDA:0,(anonymous_7)
FNDA:0,(anonymous_8)
FNDA:0,(anonymous_9)
FNDA:0,(anonymous_10)
FNDA:0,(anonymous_11)
FNDA:0,(anonymous_12)
FNDA:0,(anonymous_13)
FNDA:0,(anonymous_14)
FNDA:0,(anonymous_15)
FNDA:0,(anonymous_16)
FNDA:0,(anonymous_17)
FNDA:0,(anonymous_18)
FNDA:0,(anonymous_19)
FNDA:0,(anonymous_20)
FNDA:0,(anonymous_21)
FNDA:0,(anonymous_22)
FNDA:0,(anonymous_23)
DA:1,0
DA:2,0
DA:9,0
DA:10,0
DA:11,0
DA:12,0
DA:13,0
DA:17,0
DA:18,0
DA:19,0
DA:20,0
DA:21,0
DA:22,0
DA:23,0
DA:24,0
DA:26,0
DA:27,0
DA:31,0
DA:35,0
DA:38,0
DA:39,0
DA:41,0
DA:42,0
DA:48,0
DA:49,0
DA:52,0
DA:53,0
DA:54,0
DA:57,0
DA:58,0
DA:62,0
DA:63,0
DA:65,0
DA:69,0
DA:70,0
DA:71,0
DA:72,0
DA:75,0
DA:76,0
DA:77,0
DA:78,0
DA:79,0
DA:80,0
DA:81,0
DA:84,0
DA:88,0
DA:89,0
DA:90,0
DA:91,0
DA:92,0
DA:93,0
DA:94,0
DA:97,0
DA:101,0
DA:102,0
DA:103,0
DA:105,0
DA:109,0
DA:110,0
DA:111,0
DA:113,0
DA:118,0
DA:119,0
DA:123,0
DA:128,0
DA:129,0
DA:133,0
DA:134,0
DA:138,0
DA:140,0
DA:143,0
DA:146,0
DA:149,0
DA:163,0
DA:170,0
DA:171,0
DA:172,0
DA:173,0
DA:175,0
DA:178,0
LF:80
LH:0
BRDA:20,0,0,0
BRDA:20,0,1,0
BRDA:48,1,0,0
BRDA:48,1,1,0
BRDA:57,2,0,0
BRDA:57,2,1,0
BRDA:78,3,0,0
BRDA:78,3,1,0
BRDA:81,4,0,0
BRDA:81,4,1,0
BRDA:91,5,0,0
BRDA:91,5,1,0
BRDA:102,6,0,0
BRDA:102,6,1,0
BRDA:111,7,0,0
BRDA:111,7,1,0
BRDA:118,8,0,0
BRDA:118,8,1,0
BRDA:128,9,0,0
BRDA:128,9,1,0
BRDA:140,10,0,0
BRDA:140,10,1,0
BRDA:140,11,0,0
BRDA:140,11,1,0
BRDA:143,12,0,0
BRDA:143,12,1,0
BRDA:159,13,0,0
BRDA:159,13,1,0
BRDA:159,14,0,0
BRDA:159,14,1,0
BRDA:159,15,0,0
BRDA:159,15,1,0
BRDA:172,16,0,0
BRDA:172,16,1,0
BRF:34
BRH:0
end_of_record
TN:
SF:src\contexts\auth.ts
FNF:0
FNH:0
DA:1,0
DA:32,0
LF:2
LH:0
BRF:0
BRH:0
end_of_record
TN:
SF:src\data\patterns.ts
FNF:0
FNH:0
DA:12,1
DA:272,1
DA:336,1
DA:432,1
DA:464,1
DA:474,1
DA:508,1
DA:602,1
DA:684,1
LF:9
LH:9
BRF:0
BRH:0
end_of_record
TN:
SF:src\hooks\use8DPatterns.ts
FN:11,(anonymous_0)
FN:23,(anonymous_1)
FN:48,(anonymous_2)
FN:72,(anonymous_3)
FN:95,(anonymous_4)
FN:118,(anonymous_5)
FN:143,(anonymous_6)
FN:167,(anonymous_7)
FN:246,(anonymous_8)
FN:263,(anonymous_9)
FN:271,(anonymous_10)
FN:292,(anonymous_11)
FN:300,(anonymous_12)
FN:301,(anonymous_13)
FN:305,(anonymous_14)
FN:323,(anonymous_15)
FN:347,(anonymous_16)
FN:386,(anonymous_17)
FN:391,(anonymous_18)
FN:392,(anonymous_19)
FNF:20
FNH:20
FNDA:25,(anonymous_0)
FNDA:21,(anonymous_1)
FNDA:21,(anonymous_2)
FNDA:10,(anonymous_3)
FNDA:10,(anonymous_4)
FNDA:10,(anonymous_5)
FNDA:10,(anonymous_6)
FNDA:82,(anonymous_7)
FNDA:10,(anonymous_8)
FNDA:3,(anonymous_9)
FNDA:2,(anonymous_10)
FNDA:1,(anonymous_11)
FNDA:1,(anonymous_12)
FNDA:1,(anonymous_13)
FNDA:1,(anonymous_14)
FNDA:1,(anonymous_15)
FNDA:1,(anonymous_16)
FNDA:10,(anonymous_17)
FNDA:10,(anonymous_18)
FNDA:10,(anonymous_19)
DA:4,1
DA:11,1
DA:12,25
DA:13,25
DA:14,25
DA:15,25
DA:16,25
DA:18,25
DA:19,25
DA:20,25
DA:23,25
DA:28,21
DA:30,21
DA:31,1344
DA:33,1344
DA:34,21504
DA:36,21504
DA:37,21504
DA:38,21504
DA:40,21504
DA:44,21
DA:48,25
DA:54,21
DA:56,21
DA:57,2688
DA:58,2688
DA:59,2688
DA:61,2688
DA:62,2688
DA:63,2688
DA:65,2688
DA:68,21
DA:72,25
DA:78,10
DA:80,10
DA:81,960
DA:82,960
DA:84,960
DA:85,960
DA:86,960
DA:88,960
DA:91,10
DA:95,25
DA:101,10
DA:103,10
DA:104,800
DA:105,800
DA:107,800
DA:108,800
DA:109,800
DA:111,800
DA:114,10
DA:118,25
DA:124,10
DA:126,10
DA:127,1000
DA:128,50000
DA:129,50000
DA:131,50000
DA:132,50000
DA:133,50000
DA:135,50000
DA:139,10
DA:143,25
DA:149,10
DA:151,10
DA:152,1200
DA:153,1200
DA:154,1200
DA:156,1200
DA:159,1200
DA:160,1200
DA:163,10
DA:167,25
DA:173,82
DA:174,82
DA:175,82
DA:176,82
DA:178,82
DA:180,21
DA:181,21
DA:182,21
DA:183,21
DA:184,21
DA:186,21
DA:187,21
DA:188,21
DA:189,21
DA:190,21
DA:192,10
DA:193,10
DA:194,10
DA:195,10
DA:196,10
DA:198,10
DA:199,10
DA:200,10
DA:201,10
DA:202,10
DA:204,10
DA:205,10
DA:206,10
DA:207,10
DA:208,10
DA:210,10
DA:211,10
DA:212,10
DA:213,10
DA:214,10
DA:216,0
DA:217,0
DA:218,0
DA:219,0
DA:222,82
DA:246,25
DA:247,10
DA:258,10
DA:259,10
DA:263,25
DA:264,3
DA:266,3
DA:267,3
DA:268,3
DA:269,3
DA:271,3
DA:272,2
DA:273,2
DA:274,2
DA:276,2
DA:277,2
DA:279,2
DA:280,2
DA:282,2
DA:284,0
DA:288,3
DA:292,25
DA:293,1
DA:294,1
DA:295,1
DA:300,25
DA:301,1
DA:305,25
DA:309,1
DA:316,1
DA:317,1
DA:319,1
DA:323,25
DA:330,1
DA:347,25
DA:352,1
DA:353,1
DA:355,1
DA:356,1024
DA:357,1024
DA:359,1024
DA:366,1
DA:386,25
DA:387,10
DA:391,25
DA:392,10
DA:393,10
DA:394,3
DA:399,25
LF:163
LH:158
BRDA:24,0,0,21
BRDA:25,1,0,21
BRDA:26,2,0,21
BRDA:49,3,0,21
BRDA:50,4,0,21
BRDA:51,5,0,21
BRDA:52,6,0,21
BRDA:73,7,0,10
BRDA:74,8,0,10
BRDA:75,9,0,10
BRDA:76,10,0,10
BRDA:96,11,0,10
BRDA:97,12,0,10
BRDA:98,13,0,10
BRDA:99,14,0,10
BRDA:119,15,0,10
BRDA:120,16,0,10
BRDA:121,17,0,10
BRDA:122,18,0,10
BRDA:144,19,0,10
BRDA:145,20,0,10
BRDA:146,21,0,10
BRDA:147,22,0,10
BRDA:171,23,0,0
BRDA:178,24,0,21
BRDA:178,24,1,21
BRDA:178,24,2,10
BRDA:178,24,3,10
BRDA:178,24,4,10
BRDA:178,24,5,10
BRDA:178,24,6,0
BRDA:264,25,0,0
BRDA:264,25,1,3
BRDA:280,26,0,2
BRDA:280,26,1,0
BRDA:282,27,0,0
BRDA:282,27,1,2
BRDA:294,28,0,1
BRDA:294,28,1,0
BRDA:301,29,0,1
BRDA:301,29,1,0
BRDA:326,30,0,0
BRDA:327,31,0,0
BRDA:328,32,0,0
BRDA:356,33,0,1024
BRDA:356,33,1,0
BRDA:357,34,0,1024
BRDA:357,34,1,0
BRDA:373,35,0,0
BRDA:373,35,1,1
BRDA:393,36,0,3
BRDA:393,36,1,7
BRF:52
BRH:39
end_of_record
TN:
SF:src\hooks\useAudioEngine.ts
FN:14,(anonymous_7)
FN:43,(anonymous_8)
FN:43,(anonymous_9)
FN:59,(anonymous_10)
FN:71,(anonymous_11)
FN:81,(anonymous_12)
FN:113,(anonymous_13)
FN:113,(anonymous_14)
FN:127,(anonymous_15)
FN:160,(anonymous_16)
FN:164,(anonymous_17)
FN:175,(anonymous_18)
FN:195,(anonymous_19)
FN:219,(anonymous_20)
FN:235,(anonymous_21)
FN:260,(anonymous_22)
FN:268,(anonymous_23)
FN:278,(anonymous_24)
FN:285,(anonymous_25)
FN:292,(anonymous_26)
FN:297,(anonymous_27)
FN:305,(anonymous_28)
FN:318,(anonymous_29)
FN:330,(anonymous_30)
FN:336,(anonymous_31)
FN:358,(anonymous_32)
FN:370,(anonymous_33)
FN:376,(anonymous_34)
FN:377,(anonymous_35)
FNF:29
FNH:0
FNDA:0,(anonymous_7)
FNDA:0,(anonymous_8)
FNDA:0,(anonymous_9)
FNDA:0,(anonymous_10)
FNDA:0,(anonymous_11)
FNDA:0,(anonymous_12)
FNDA:0,(anonymous_13)
FNDA:0,(anonymous_14)
FNDA:0,(anonymous_15)
FNDA:0,(anonymous_16)
FNDA:0,(anonymous_17)
FNDA:0,(anonymous_18)
FNDA:0,(anonymous_19)
FNDA:0,(anonymous_20)
FNDA:0,(anonymous_21)
FNDA:0,(anonymous_22)
FNDA:0,(anonymous_23)
FNDA:0,(anonymous_24)
FNDA:0,(anonymous_25)
FNDA:0,(anonymous_26)
FNDA:0,(anonymous_27)
FNDA:0,(anonymous_28)
FNDA:0,(anonymous_29)
FNDA:0,(anonymous_30)
FNDA:0,(anonymous_31)
FNDA:0,(anonymous_32)
FNDA:0,(anonymous_33)
FNDA:0,(anonymous_34)
FNDA:0,(anonymous_35)
DA:4,0
DA:14,0
DA:15,0
DA:29,0
DA:39,0
DA:40,0
DA:43,0
DA:44,0
DA:45,0
DA:47,0
DA:48,0
DA:51,0
DA:53,0
DA:54,0
DA:59,0
DA:64,0
DA:65,0
DA:66,0
DA:67,0
DA:71,0
DA:75,0
DA:76,0
DA:77,0
DA:81,0
DA:87,0
DA:88,0
DA:89,0
DA:90,0
DA:91,0
DA:93,0
DA:94,0
DA:95,0
DA:96,0
DA:97,0
DA:99,0
DA:101,0
DA:113,0
DA:114,0
DA:116,0
DA:118,0
DA:119,0
DA:120,0
DA:122,0
DA:123,0
DA:124,0
DA:127,0
DA:130,0
DA:131,0
DA:132,0
DA:133,0
DA:137,0
DA:138,0
DA:142,0
DA:143,0
DA:146,0
DA:147,0
DA:150,0
DA:151,0
DA:152,0
DA:153,0
DA:156,0
DA:157,0
DA:160,0
DA:161,0
DA:164,0
DA:165,0
DA:169,0
DA:170,0
DA:172,0
DA:175,0
DA:189,0
DA:193,0
DA:195,0
DA:196,0
DA:197,0
DA:204,0
DA:207,0
DA:211,0
DA:212,0
DA:214,0
DA:219,0
DA:220,0
DA:221,0
DA:222,0
DA:223,0
DA:226,0
DA:227,0
DA:228,0
DA:231,0
DA:232,0
DA:235,0
DA:245,0
DA:255,0
DA:260,0
DA:261,0
DA:262,0
DA:263,0
DA:264,0
DA:266,0
DA:268,0
DA:278,0
DA:279,0
DA:280,0
DA:281,0
DA:282,0
DA:285,0
DA:292,0
DA:293,0
DA:294,0
DA:295,0
DA:297,0
DA:305,0
DA:306,0
DA:314,0
DA:318,0
DA:319,0
DA:327,0
DA:330,0
DA:331,0
DA:336,0
DA:342,0
DA:344,0
DA:345,0
DA:348,0
DA:349,0
DA:352,0
DA:353,0
DA:358,0
DA:359,0
DA:367,0
DA:370,0
DA:371,0
DA:376,0
DA:377,0
DA:378,0
DA:379,0
DA:381,0
DA:382,0
DA:387,0
LF:139
LH:0
BRDA:45,0,0,0
BRDA:45,0,1,0
BRDA:47,1,0,0
BRDA:47,1,1,0
BRDA:94,2,0,0
BRDA:94,2,1,0
BRDA:95,3,0,0
BRDA:95,3,1,0
BRDA:96,4,0,0
BRDA:96,4,1,0
BRDA:97,5,0,0
BRDA:97,5,1,0
BRDA:116,6,0,0
BRDA:116,6,1,0
BRDA:118,7,0,0
BRDA:118,7,1,0
BRDA:122,8,0,0
BRDA:122,8,1,0
BRDA:130,9,0,0
BRDA:130,9,1,0
BRDA:131,10,0,0
BRDA:131,10,1,0
BRDA:137,11,0,0
BRDA:137,11,1,0
BRDA:211,12,0,0
BRDA:211,12,1,0
BRDA:221,13,0,0
BRDA:221,13,1,0
BRDA:226,14,0,0
BRDA:226,14,1,0
BRDA:231,15,0,0
BRDA:231,15,1,0
BRDA:261,16,0,0
BRDA:261,16,1,0
BRDA:261,17,0,0
BRDA:261,17,1,0
BRDA:261,17,2,0
BRDA:279,18,0,0
BRDA:279,18,1,0
BRDA:279,19,0,0
BRDA:279,19,1,0
BRDA:279,19,2,0
BRDA:293,20,0,0
BRDA:293,20,1,0
BRDA:293,21,0,0
BRDA:293,21,1,0
BRDA:318,22,0,0
BRDA:340,23,0,0
BRDA:342,24,0,0
BRDA:342,24,1,0
BRDA:342,25,0,0
BRDA:342,25,1,0
BRDA:342,25,2,0
BRDA:378,26,0,0
BRDA:378,26,1,0
BRDA:381,27,0,0
BRDA:381,27,1,0
BRDA:399,28,0,0
BRDA:399,28,1,0
BRF:59
BRH:0
end_of_record
TN:
SF:src\hooks\useAuth.ts
FN:4,(anonymous_0)
FNF:1
FNH:0
FNDA:0,(anonymous_0)
DA:1,0
DA:2,0
DA:4,0
DA:5,0
DA:6,0
DA:7,0
DA:9,0
LF:7
LH:0
BRDA:6,0,0,0
BRDA:6,0,1,0
BRF:2
BRH:0
end_of_record
TN:
SF:src\hooks\useBackendAPI.ts
FN:18,(anonymous_7)
FN:25,(anonymous_8)
FN:28,(anonymous_9)
FN:29,(anonymous_10)
FN:44,(anonymous_11)
FN:48,(anonymous_12)
FN:53,(anonymous_13)
FN:59,(anonymous_14)
FN:63,(anonymous_15)
FN:67,(anonymous_16)
FN:71,(anonymous_17)
FN:78,(anonymous_18)
FN:84,(anonymous_19)
FNF:13
FNH:0
FNDA:0,(anonymous_7)
FNDA:0,(anonymous_8)
FNDA:0,(anonymous_9)
FNDA:0,(anonymous_10)
FNDA:0,(anonymous_11)
FNDA:0,(anonymous_12)
FNDA:0,(anonymous_13)
FNDA:0,(anonymous_14)
FNDA:0,(anonymous_15)
FNDA:0,(anonymous_16)
FNDA:0,(anonymous_17)
FNDA:0,(anonymous_18)
FNDA:0,(anonymous_19)
DA:4,0
DA:18,0
DA:19,0
DA:25,0
DA:28,0
DA:29,0
DA:31,0
DA:32,0
DA:40,0
DA:42,0
DA:43,0
DA:44,0
DA:45,0
DA:48,0
DA:49,0
DA:52,0
DA:53,0
DA:54,0
DA:59,0
DA:60,0
DA:63,0
DA:64,0
DA:67,0
DA:68,0
DA:71,0
DA:72,0
DA:78,0
DA:79,0
DA:84,0
DA:85,0
DA:88,0
LF:31
LH:0
BRDA:18,0,0,0
BRDA:27,1,0,0
BRDA:42,2,0,0
BRDA:42,2,1,0
BRDA:43,3,0,0
BRDA:43,3,1,0
BRDA:52,4,0,0
BRDA:52,4,1,0
BRF:8
BRH:0
end_of_record
TN:
SF:src\hooks\useBackendAudioEngine.ts
FN:46,(anonymous_7)
FN:83,(anonymous_8)
FN:83,(anonymous_9)
FN:101,(anonymous_10)
FN:106,(anonymous_11)
FN:107,(anonymous_12)
FN:129,(anonymous_13)
FN:142,(anonymous_14)
FN:162,(anonymous_15)
FN:192,(anonymous_16)
FN:192,(anonymous_17)
FN:227,(anonymous_18)
FN:242,(anonymous_19)
FN:242,(anonymous_20)
FN:265,(anonymous_21)
FN:287,(anonymous_22)
FN:297,(anonymous_23)
FN:320,(anonymous_24)
FN:328,(anonymous_25)
FN:337,(anonymous_26)
FN:342,(anonymous_27)
FN:349,(anonymous_28)
FN:356,(anonymous_29)
FN:357,(anonymous_30)
FNF:24
FNH:0
FNDA:0,(anonymous_7)
FNDA:0,(anonymous_8)
FNDA:0,(anonymous_9)
FNDA:0,(anonymous_10)
FNDA:0,(anonymous_11)
FNDA:0,(anonymous_12)
FNDA:0,(anonymous_13)
FNDA:0,(anonymous_14)
FNDA:0,(anonymous_15)
FNDA:0,(anonymous_16)
FNDA:0,(anonymous_17)
FNDA:0,(anonymous_18)
FNDA:0,(anonymous_19)
FNDA:0,(anonymous_20)
FNDA:0,(anonymous_21)
FNDA:0,(anonymous_22)
FNDA:0,(anonymous_23)
FNDA:0,(anonymous_24)
FNDA:0,(anonymous_25)
FNDA:0,(anonymous_26)
FNDA:0,(anonymous_27)
FNDA:0,(anonymous_28)
FNDA:0,(anonymous_29)
FNDA:0,(anonymous_30)
DA:4,0
DA:5,0
DA:6,0
DA:46,0
DA:47,0
DA:61,0
DA:71,0
DA:72,0
DA:75,0
DA:76,0
DA:79,0
DA:80,0
DA:83,0
DA:84,0
DA:85,0
DA:86,0
DA:89,0
DA:90,0
DA:93,0
DA:95,0
DA:96,0
DA:101,0
DA:102,0
DA:104,0
DA:106,0
DA:107,0
DA:110,0
DA:111,0
DA:112,0
DA:115,0
DA:116,0
DA:119,0
DA:120,0
DA:123,0
DA:126,0
DA:129,0
DA:137,0
DA:142,0
DA:144,0
DA:145,0
DA:147,0
DA:162,0
DA:163,0
DA:164,0
DA:166,0
DA:168,0
DA:169,0
DA:171,0
DA:172,0
DA:174,0
DA:177,0
DA:178,0
DA:181,0
DA:182,0
DA:185,0
DA:186,0
DA:192,0
DA:193,0
DA:195,0
DA:203,0
DA:204,0
DA:205,0
DA:208,0
DA:211,0
DA:214,0
DA:227,0
DA:237,0
DA:242,0
DA:243,0
DA:245,0
DA:250,0
DA:253,0
DA:255,0
DA:256,0
DA:260,0
DA:261,0
DA:262,0
DA:265,0
DA:275,0
DA:287,0
DA:288,0
DA:289,0
DA:297,0
DA:298,0
DA:312,0
DA:313,0
DA:316,0
DA:320,0
DA:321,0
DA:323,0
DA:328,0
DA:337,0
DA:338,0
DA:342,0
DA:349,0
DA:350,0
DA:356,0
DA:357,0
DA:358,0
DA:362,0
LF:100
LH:0
BRDA:85,0,0,0
BRDA:85,0,1,0
BRDA:86,1,0,0
BRDA:86,1,1,0
BRDA:89,2,0,0
BRDA:89,2,1,0
BRDA:102,3,0,0
BRDA:102,3,1,0
BRDA:153,4,0,0
BRDA:153,4,1,0
BRDA:154,5,0,0
BRDA:154,5,1,0
BRDA:155,6,0,0
BRDA:155,6,1,0
BRDA:156,7,0,0
BRDA:156,7,1,0
BRDA:163,8,0,0
BRDA:163,8,1,0
BRDA:166,9,0,0
BRDA:166,9,1,0
BRDA:166,9,2,0
BRDA:166,9,3,0
BRDA:168,10,0,0
BRDA:168,10,1,0
BRDA:168,11,0,0
BRDA:168,11,1,0
BRDA:168,11,2,0
BRDA:168,11,3,0
BRDA:168,11,4,0
BRDA:168,12,0,0
BRDA:168,12,1,0
BRDA:168,13,0,0
BRDA:168,13,1,0
BRDA:171,14,0,0
BRDA:171,14,1,0
BRDA:171,15,0,0
BRDA:171,15,1,0
BRDA:171,15,2,0
BRDA:171,15,3,0
BRDA:171,15,4,0
BRDA:171,16,0,0
BRDA:171,16,1,0
BRDA:171,17,0,0
BRDA:171,17,1,0
BRDA:199,18,0,0
BRDA:199,18,1,0
BRDA:200,19,0,0
BRDA:200,19,1,0
BRDA:203,20,0,0
BRDA:203,20,1,0
BRDA:203,21,0,0
BRDA:203,21,1,0
BRDA:203,22,0,0
BRDA:203,22,1,0
BRDA:203,23,0,0
BRDA:203,23,1,0
BRDA:243,24,0,0
BRDA:243,24,1,0
BRDA:260,25,0,0
BRDA:260,25,1,0
BRDA:288,26,0,0
BRDA:288,26,1,0
BRDA:312,27,0,0
BRDA:312,27,1,0
BRDA:375,28,0,0
BRDA:375,28,1,0
BRF:66
BRH:0
end_of_record
TN:
SF:src\hooks\useUsageTracking.tsx
FN:9,(anonymous_7)
FN:14,(anonymous_8)
FN:21,(anonymous_9)
FN:26,(anonymous_10)
FN:26,(anonymous_11)
FN:54,(anonymous_12)
FN:54,(anonymous_13)
FN:76,(anonymous_14)
FN:77,(anonymous_15)
FNF:9
FNH:0
FNDA:0,(anonymous_7)
FNDA:0,(anonymous_8)
FNDA:0,(anonymous_9)
FNDA:0,(anonymous_10)
FNDA:0,(anonymous_11)
FNDA:0,(anonymous_12)
FNDA:0,(anonymous_13)
FNDA:0,(anonymous_14)
FNDA:0,(anonymous_15)
DA:1,0
DA:2,0
DA:9,0
DA:10,0
DA:11,0
DA:12,0
DA:14,0
DA:15,0
DA:17,0
DA:18,0
DA:21,0
DA:22,0
DA:26,0
DA:27,0
DA:30,0
DA:31,0
DA:32,0
DA:36,0
DA:37,0
DA:38,0
DA:40,0
DA:43,0
DA:44,0
DA:45,0
DA:47,0
DA:51,0
DA:54,0
DA:55,0
DA:58,0
DA:59,0
DA:60,0
DA:62,0
DA:63,0
DA:65,0
DA:66,0
DA:68,0
DA:70,0
DA:76,0
DA:77,0
DA:78,0
DA:82,0
LF:41
LH:0
BRDA:15,0,0,0
BRDA:15,0,1,0
BRDA:27,1,0,0
BRDA:27,1,1,0
BRDA:30,2,0,0
BRDA:30,2,1,0
BRDA:43,3,0,0
BRDA:43,3,1,0
BRDA:55,4,0,0
BRDA:55,4,1,0
BRDA:62,5,0,0
BRDA:62,5,1,0
BRF:12
BRH:0
end_of_record
TN:
SF:src\hooks\useWebSocket.ts
FN:26,(anonymous_0)
FN:39,(anonymous_1)
FN:44,(anonymous_2)
FN:49,(anonymous_3)
FN:51,(anonymous_4)
FN:60,(anonymous_5)
FN:63,(anonymous_6)
FN:69,(anonymous_7)
FN:71,(anonymous_8)
FN:80,(anonymous_9)
FN:87,(anonymous_10)
FN:89,(anonymous_11)
FN:98,(anonymous_12)
FN:106,(anonymous_13)
FN:125,(anonymous_14)
FN:137,(anonymous_15)
FN:138,(anonymous_16)
FNF:17
FNH:0
FNDA:0,(anonymous_0)
FNDA:0,(anonymous_1)
FNDA:0,(anonymous_2)
FNDA:0,(anonymous_3)
FNDA:0,(anonymous_4)
FNDA:0,(anonymous_5)
FNDA:0,(anonymous_6)
FNDA:0,(anonymous_7)
FNDA:0,(anonymous_8)
FNDA:0,(anonymous_9)
FNDA:0,(anonymous_10)
FNDA:0,(anonymous_11)
FNDA:0,(anonymous_12)
FNDA:0,(anonymous_13)
FNDA:0,(anonymous_14)
FNDA:0,(anonymous_15)
FNDA:0,(anonymous_16)
DA:4,0
DA:26,0
DA:27,0
DA:34,0
DA:35,0
DA:36,0
DA:37,0
DA:39,0
DA:40,0
DA:41,0
DA:44,0
DA:46,0
DA:47,0
DA:49,0
DA:50,0
DA:51,0
DA:57,0
DA:60,0
DA:61,0
DA:62,0
DA:63,0
DA:65,0
DA:69,0
DA:70,0
DA:71,0
DA:78,0
DA:79,0
DA:80,0
DA:81,0
DA:82,0
DA:87,0
DA:88,0
DA:89,0
DA:97,0
DA:98,0
DA:106,0
DA:107,0
DA:108,0
DA:109,0
DA:112,0
DA:113,0
DA:114,0
DA:117,0
DA:125,0
DA:126,0
DA:127,0
DA:132,0
DA:137,0
DA:138,0
DA:139,0
DA:143,0
LF:51
LH:0
BRDA:26,0,0,0
BRDA:40,1,0,0
BRDA:40,1,1,0
BRDA:40,2,0,0
BRDA:40,2,1,0
BRDA:40,3,0,0
BRDA:40,3,1,0
BRDA:78,4,0,0
BRDA:78,4,1,0
BRDA:78,5,0,0
BRDA:78,5,1,0
BRDA:107,6,0,0
BRDA:107,6,1,0
BRDA:112,7,0,0
BRDA:112,7,1,0
BRDA:126,8,0,0
BRDA:126,8,1,0
BRDA:126,9,0,0
BRDA:126,9,1,0
BRDA:126,10,0,0
BRDA:126,10,1,0
BRF:21
BRH:0
end_of_record
TN:
SF:src\styles\GlobalStyles.tsx
FNF:0
FNH:0
DA:4,0
DA:6,0
DA:519,0
LF:3
LH:0
BRF:0
BRH:0
end_of_record
TN:
SF:src\theme\muiTheme.ts
FNF:0
FNH:0
DA:2,0
DA:4,0
DA:167,0
LF:3
LH:0
BRF:0
BRH:0
end_of_record
